<?xml version="1.0" encoding="UTF-8"?>
<!-- Generated by org.testng.reporters.JUnitReportReporter -->
<testsuite hostname="DESKTOP-BGBCGL6" name="Admin_login" tests="1" failures="0" timestamp="15 Jul 2022 03:48:36 GMT" time="4.626" errors="0">
  <testcase name="CHeckadmin_login" time="4.626" classname="Admin_login"/>
</testsuite> <!-- Admin_login -->
