<?xml version="1.0" encoding="UTF-8"?>
<!-- Generated by org.testng.reporters.JUnitReportReporter -->
<testsuite hostname="DESKTOP-BGBCGL6" name="OrangeHRM_testcase.Admin_login" tests="1" failures="0" timestamp="15 Jul 2022 04:57:36 GMT" time="3.716" errors="0">
  <testcase name="CHeckadmin_login" time="3.716" classname="OrangeHRM_testcase.Admin_login"/>
</testsuite> <!-- OrangeHRM_testcase.Admin_login -->
